<?xml version="1.0" encoding="UTF-8"?>
<!-- Generated by org.testng.reporters.JUnitReportReporter -->
<testsuite hostname="Nilesh" failures="0" tests="6" name="testNGconcepts.invocationCoutAndenabledDisabled" time="0.030" errors="0" timestamp="2024-10-20T22:03:11 IST" skipped="1">
  <testcase classname="testNGconcepts.invocationCoutAndenabledDisabled" name="method1" time="0.003"/>
  <system-out/>
  <testcase classname="testNGconcepts.invocationCoutAndenabledDisabled" name="method1" time="0.002"/>
  <system-out/>
  <testcase classname="testNGconcepts.invocationCoutAndenabledDisabled" name="method1" time="0.002"/>
  <system-out/>
  <testcase classname="testNGconcepts.invocationCoutAndenabledDisabled" name="method1" time="0.018"/>
  <system-out/>
  <testcase classname="testNGconcepts.invocationCoutAndenabledDisabled" name="method1" time="0.005"/>
  <system-out/>
  <testcase classname="testNGconcepts.invocationCoutAndenabledDisabled" name="method2">
    <skipped/>
  </testcase> <!-- method2 -->
  <system-out/>
</testsuite> <!-- testNGconcepts.invocationCoutAndenabledDisabled -->
