<?xml version="1.0" encoding="UTF-8"?>
<!-- Generated by org.testng.reporters.JUnitReportReporter -->
<testsuite hostname="Nilesh" failures="0" tests="2" name="TestCases.registerTestCases" time="6.622" errors="0" timestamp="2024-10-21T00:08:32 IST" skipped="0">
  <testcase classname="TestCases.registerTestCases" name="verifyregisterationwithinvaliddata" time="0.022"/>
  <system-out/>
  <testcase classname="TestCases.registerTestCases" name="verifyregisterationwithvaliddata" time="6.600"/>
  <system-out/>
</testsuite> <!-- TestCases.registerTestCases -->
