<?xml version="1.0" encoding="UTF-8"?>
<!-- Generated by org.testng.reporters.JUnitReportReporter -->
<testsuite hostname="Nilesh" failures="0" tests="2" name="TestCases.registerTestCases" time="15.403" errors="0" timestamp="2024-11-16T10:29:29 IST" skipped="0">
  <testcase classname="TestCases.registerTestCases" name="verifyregisterationwithinvaliddata" time="6.510"/>
  <system-out/>
  <testcase classname="TestCases.registerTestCases" name="verifyRegsiterationWithValidData" time="8.893"/>
  <system-out/>
</testsuite> <!-- TestCases.registerTestCases -->
