<?xml version="1.0" encoding="UTF-8"?>
<!-- Generated by org.testng.reporters.JUnitReportReporter -->
<testsuite hostname="Nilesh" failures="0" tests="2" name="testNGconcepts.dataproviderdemo" time="10.560" errors="0" timestamp="2024-10-20T20:38:20 IST" skipped="0">
  <testcase classname="testNGconcepts.dataproviderdemo" name="method1" time="4.469"/>
  <system-out/>
  <testcase classname="testNGconcepts.dataproviderdemo" name="method1" time="6.091"/>
  <system-out/>
</testsuite> <!-- testNGconcepts.dataproviderdemo -->
