<?xml version="1.0" encoding="UTF-8"?>
<!-- Generated by org.testng.reporters.JUnitReportReporter -->
<testsuite hostname="Nilesh" failures="0" tests="2" name="testNGconcepts.Demo1" time="0.028" errors="0" timestamp="2024-10-18T06:36:42 IST" skipped="0">
  <testcase classname="testNGconcepts.Demo1" name="verifyregisteration" time="0.006"/>
  <system-out/>
  <testcase classname="testNGconcepts.Demo1" name="verifyLogin" time="0.022"/>
  <system-out/>
</testsuite> <!-- testNGconcepts.Demo1 -->
