<?xml version="1.0" encoding="UTF-8"?>
<!-- Generated by org.testng.reporters.JUnitReportReporter -->
<testsuite hostname="Nilesh" failures="0" tests="3" name="testNGconcepts.dependsonmethod" time="0.029" errors="0" timestamp="2024-10-19T19:06:52 IST" skipped="0">
  <testcase classname="testNGconcepts.dependsonmethod" name="methodB" time="0.004"/>
  <system-out/>
  <testcase classname="testNGconcepts.dependsonmethod" name="methodC" time="0.019"/>
  <system-out/>
  <testcase classname="testNGconcepts.dependsonmethod" name="methodA" time="0.006"/>
  <system-out/>
</testsuite> <!-- testNGconcepts.dependsonmethod -->
