<?xml version="1.0" encoding="UTF-8"?>
<!-- Generated by org.testng.reporters.JUnitReportReporter -->
<testsuite hostname="Nilesh" failures="0" tests="3" name="testNGconcepts.groups" time="0.029" errors="0" timestamp="2024-10-20T18:58:20 IST" skipped="0">
  <testcase classname="testNGconcepts.groups" name="method1" time="0.021"/>
  <system-out/>
  <testcase classname="testNGconcepts.groups" name="method3" time="0.006"/>
  <system-out/>
  <testcase classname="testNGconcepts.groups" name="method2" time="0.002"/>
  <system-out/>
</testsuite> <!-- testNGconcepts.groups -->
