<?xml version="1.0" encoding="UTF-8"?>
<!-- Generated by org.testng.reporters.JUnitReportReporter -->
<testsuite hostname="Nilesh" failures="0" tests="3" name="testNGconcepts.Priority" time="0.030" errors="0" timestamp="2024-10-19T17:48:11 IST" skipped="0">
  <testcase classname="testNGconcepts.Priority" name="verifyLogout" time="0.023"/>
  <system-out/>
  <testcase classname="testNGconcepts.Priority" name="verifyLogin" time="0.004"/>
  <system-out/>
  <testcase classname="testNGconcepts.Priority" name="verifyregistration" time="0.003"/>
  <system-out/>
</testsuite> <!-- testNGconcepts.Priority -->
