<?xml version="1.0" encoding="UTF-8"?>
<!-- Generated by org.testng.reporters.JUnitReportReporter -->
<testsuite hostname="Nilesh" failures="0" tests="2" name="testNGconcepts.Demo2" time="0.008" errors="0" timestamp="2024-10-18T06:36:42 IST" skipped="0">
  <testcase classname="testNGconcepts.Demo2" name="verifyproduct" time="0.006"/>
  <system-out/>
  <testcase classname="testNGconcepts.Demo2" name="verifyLogout" time="0.002"/>
  <system-out/>
</testsuite> <!-- testNGconcepts.Demo2 -->
